<?xml version="1.0" encoding="UTF-8"?>
<!-- Generated by org.testng.reporters.JUnitReportReporter -->
<testsuite hostname="Talib" failures="0" tests="20" name="com.babaTest.testCases.TC_FillTextboxTest_001" time="18.168" errors="0" timestamp="2023-09-17T17:06:11 IST" skipped="0">
  <testcase classname="com.babaTest.testCases.TC_FillTextboxTest_001" name="FillTextBoxForm" time="0.775"/>
  <system-out/>
  <testcase classname="com.babaTest.testCases.TC_FillTextboxTest_001" name="FillTextBoxForm" time="0.804"/>
  <system-out/>
  <testcase classname="com.babaTest.testCases.TC_FillTextboxTest_001" name="FillTextBoxForm" time="0.809"/>
  <system-out/>
  <testcase classname="com.babaTest.testCases.TC_FillTextboxTest_001" name="FillTextBoxForm" time="0.833"/>
  <system-out/>
  <testcase classname="com.babaTest.testCases.TC_FillTextboxTest_001" name="FillTextBoxForm" time="0.800"/>
  <system-out/>
  <testcase classname="com.babaTest.testCases.TC_FillTextboxTest_001" name="FillTextBoxForm" time="1.385"/>
  <system-out/>
  <testcase classname="com.babaTest.testCases.TC_FillTextboxTest_001" name="FillTextBoxForm" time="0.786"/>
  <system-out/>
  <testcase classname="com.babaTest.testCases.TC_FillTextboxTest_001" name="FillTextBoxForm" time="0.909"/>
  <system-out/>
  <testcase classname="com.babaTest.testCases.TC_FillTextboxTest_001" name="FillTextBoxForm" time="1.056"/>
  <system-out/>
  <testcase classname="com.babaTest.testCases.TC_FillTextboxTest_001" name="FillTextBoxForm" time="0.840"/>
  <system-out/>
  <testcase classname="com.babaTest.testCases.TC_FillTextboxTest_001" name="FillTextBoxForm" time="1.332"/>
  <system-out/>
  <testcase classname="com.babaTest.testCases.TC_FillTextboxTest_001" name="FillTextBoxForm" time="0.762"/>
  <system-out/>
  <testcase classname="com.babaTest.testCases.TC_FillTextboxTest_001" name="FillTextBoxForm" time="0.860"/>
  <system-out/>
  <testcase classname="com.babaTest.testCases.TC_FillTextboxTest_001" name="FillTextBoxForm" time="0.837"/>
  <system-out/>
  <testcase classname="com.babaTest.testCases.TC_FillTextboxTest_001" name="FillTextBoxForm" time="0.833"/>
  <system-out/>
  <testcase classname="com.babaTest.testCases.TC_FillTextboxTest_001" name="FillTextBoxForm" time="1.150"/>
  <system-out/>
  <testcase classname="com.babaTest.testCases.TC_FillTextboxTest_001" name="FillTextBoxForm" time="0.899"/>
  <system-out/>
  <testcase classname="com.babaTest.testCases.TC_FillTextboxTest_001" name="FillTextBoxForm" time="0.789"/>
  <system-out/>
  <testcase classname="com.babaTest.testCases.TC_FillTextboxTest_001" name="FillTextBoxForm" time="0.808"/>
  <system-out/>
  <testcase classname="com.babaTest.testCases.TC_FillTextboxTest_001" name="FillTextBoxForm" time="0.901"/>
  <system-out/>
</testsuite> <!-- com.babaTest.testCases.TC_FillTextboxTest_001 -->
