<?xml version="1.0" encoding="UTF-8"?>
<!-- Generated by org.testng.reporters.JUnitReportReporter -->
<testsuite hostname="Talib" failures="0" tests="13" name="com.babaTest.testCases.TC_WebTableTest_004" time="89.355" errors="0" timestamp="2023-09-24T12:24:03 IST" skipped="0">
  <testcase classname="com.babaTest.testCases.TC_WebTableTest_004" name="checkWebTablePage" time="0.617"/>
  <system-out/>
  <testcase classname="com.babaTest.testCases.TC_WebTableTest_004" name="checkWebTablePage" time="0.595"/>
  <system-out/>
  <testcase classname="com.babaTest.testCases.TC_WebTableTest_004" name="checkWebTablePage" time="1.053"/>
  <system-out/>
  <testcase classname="com.babaTest.testCases.TC_WebTableTest_004" name="checkWebTablePage" time="0.582"/>
  <system-out/>
  <testcase classname="com.babaTest.testCases.TC_WebTableTest_004" name="checkWebTablePage" time="0.595"/>
  <system-out/>
  <testcase classname="com.babaTest.testCases.TC_WebTableTest_004" name="checkWebTablePage" time="0.662"/>
  <system-out/>
  <testcase classname="com.babaTest.testCases.TC_WebTableTest_004" name="checkWebTablePage" time="0.632"/>
  <system-out/>
  <testcase classname="com.babaTest.testCases.TC_WebTableTest_004" name="checkWebTablePage" time="0.530"/>
  <system-out/>
  <testcase classname="com.babaTest.testCases.TC_WebTableTest_004" name="checkWebTablePage" time="0.563"/>
  <system-out/>
  <testcase classname="com.babaTest.testCases.TC_WebTableTest_004" name="checkWebTablePage" time="0.585"/>
  <system-out/>
  <testcase classname="com.babaTest.testCases.TC_WebTableTest_004" name="checkEdit" time="80.659"/>
  <system-out/>
  <testcase classname="com.babaTest.testCases.TC_WebTableTest_004" name="getPrint" time="0.867"/>
  <system-out/>
  <testcase classname="com.babaTest.testCases.TC_WebTableTest_004" name="checkDelete" time="1.415"/>
  <system-out/>
</testsuite> <!-- com.babaTest.testCases.TC_WebTableTest_004 -->
