<?xml version="1.0" encoding="UTF-8"?>
<!-- Generated by org.testng.reporters.JUnitReportReporter -->
<testsuite hostname="Talib" failures="0" tests="1" name="com.babaTest.testCases.TC_CheckBoxTest_002" time="0.740" errors="0" timestamp="2023-09-17T16:54:59 IST" skipped="0">
  <testcase classname="com.babaTest.testCases.TC_CheckBoxTest_002" name="checkBoxes" time="0.740"/>
  <system-out/>
</testsuite> <!-- com.babaTest.testCases.TC_CheckBoxTest_002 -->
